<?xml version="1.0" encoding="UTF-8"?>
<testng-results skipped="0" failed="0" total="1" passed="1">
  <reporter-output>
  </reporter-output>
  <suite name="All Test Suite" duration-ms="7277" started-at="2022-08-25T16:44:58Z" finished-at="2022-08-25T16:45:05Z">
    <groups>
    </groups>
    <test name="TestFrame" duration-ms="7277" started-at="2022-08-25T16:44:58Z" finished-at="2022-08-25T16:45:05Z">
      <class name="tests.searchapartment.SearchApartmentTest">
        <test-method status="PASS" signature="checkRedirectTiListing()[pri:0, instance:tests.searchapartment.SearchApartmentTest@1953bc95]" name="checkRedirectTiListing" duration-ms="7062" started-at="2022-08-25T19:44:58Z" finished-at="2022-08-25T19:45:05Z">
          <reporter-output>
          </reporter-output>
        </test-method> <!-- checkRedirectTiListing -->
        <test-method status="PASS" signature="clearCookiesAndLocalStorage()[pri:0, instance:tests.searchapartment.SearchApartmentTest@1953bc95]" name="clearCookiesAndLocalStorage" is-config="true" duration-ms="19" started-at="2022-08-25T19:45:05Z" finished-at="2022-08-25T19:45:05Z">
          <reporter-output>
          </reporter-output>
        </test-method> <!-- clearCookiesAndLocalStorage -->
        <test-method status="PASS" signature="close()[pri:0, instance:tests.searchapartment.SearchApartmentTest@1953bc95]" name="close" is-config="true" duration-ms="819" started-at="2022-08-25T19:45:05Z" finished-at="2022-08-25T19:45:06Z">
          <reporter-output>
          </reporter-output>
        </test-method> <!-- close -->
      </class> <!-- tests.searchapartment.SearchApartmentTest -->
    </test> <!-- TestFrame -->
  </suite> <!-- All Test Suite -->
</testng-results>
